2024-03-13 15:33:32 - UsuarioControl: olson - UsuarioCliente: 123 - Resultado: 0

2024-03-13 15:37:35 - UsuarioControl: olson - UsuarioCliente: 123 - Resultado: 0

2024-03-13 15:38:10 - UsuarioControl: olson - UsuarioCliente: 123 - Resultado: 0

2024-03-13 15:42:39 - UsuarioControl: olson - UsuarioCliente: 123 - Resultado: 0

2024-03-13 16:50:25 - UsuarioControl: olson - UsuarioCliente: 123 - Resultado: 0

2024-03-13 16:55:19 - UsuarioControl: olson - UsuarioCliente: 1236 - Resultado: -1

2024-03-13 16:58:03 - UsuarioControl: olson - UsuarioCliente: 1236 - Resultado: -1

2024-03-13 17:00:23 - UsuarioControl: olson - UsuarioCliente: 1236 - Resultado: -1

2024-03-13 17:01:18 - UsuarioControl: olson - UsuarioCliente: 123 - Resultado: 0

2024-03-13 17:03:49 - UsuarioControl: olson - UsuarioCliente: 123 - Resultado: 0

2024-03-13 17:07:10 - UsuarioControl: olson - UsuarioCliente: 123 - Resultado: 0

2024-03-13 17:09:07 - UsuarioControl: olson - UsuarioCliente: 1263 - Resultado: -1

2024-03-13 17:09:57 - UsuarioControl: olson - UsuarioCliente: 123 - Resultado: 0

2024-03-13 17:24:14 - UsuarioControl: olson - UsuarioCliente: 1235 - Resultado: -1

2024-03-13 17:24:51 - UsuarioControl: olson - UsuarioCliente: 123 - Resultado: 0

2024-03-13 17:29:31 - UsuarioControl: olson - UsuarioCliente: 123 - Resultado: 0

2024-03-13 17:29:51 - UsuarioControl: olson - UsuarioCliente: 123 - Resultado: 0

2024-03-13 17:34:28 - UsuarioControl: olson - UsuarioCliente: 123 - Resultado: 0

2024-03-13 17:36:13 - UsuarioControl: olson - UsuarioCliente: 123 - Resultado: 0

2024-03-13 17:38:25 - UsuarioControl: olson - UsuarioCliente: 123 - Resultado: 0

2024-03-13 17:42:14 - UsuarioControl: olson - UsuarioCliente: 123 - Resultado: 0

2024-03-13 17:44:07 - UsuarioControl: olson - UsuarioCliente: 123 - Resultado: 0

2024-03-13 17:51:25 - UsuarioControl: olson - UsuarioCliente: 123 - Resultado: 0

2024-03-13 17:56:44 - UsuarioControl: olson - UsuarioCliente: 123 - Resultado: 0

2024-03-13 18:46:14 - UsuarioControl: olson - UsuarioCliente: 123 - Resultado: 0

2024-03-13 18:52:41 - UsuarioControl: olson - UsuarioCliente: 123 - Resultado: 0

2024-03-13 18:52:59 - UsuarioControl: olson - UsuarioCliente: 123 - Resultado: 0

2024-03-14 08:44:12 - UsuarioControl: olson - UsuarioCliente: 123 - Resultado: 0

2024-03-14 08:49:40 - UsuarioControl: olson - UsuarioCliente: 123 - Resultado: 0

2024-03-14 08:53:03 - UsuarioControl: olson - UsuarioCliente: 123 - Resultado: 0

2024-03-14 08:55:46 - UsuarioControl: olson - UsuarioCliente: 123 - Resultado: 0

2024-03-14 08:56:27 - UsuarioControl: olson - UsuarioCliente: 123 - Resultado: 0

2024-03-14 09:24:10 - UsuarioControl: olson - UsuarioCliente: 123 - Resultado: 0

2024-03-14 09:26:34 - UsuarioControl: olson - UsuarioCliente: 123 - Resultado: 0

2024-03-14 09:26:59 - UsuarioControl: olson - UsuarioCliente: 123 - Resultado: 0

2024-03-14 09:29:26 - UsuarioControl: olson - UsuarioCliente: 123 - Resultado: 0

2024-03-14 09:30:34 - UsuarioControl: olson - UsuarioCliente: 123 - Resultado: 0

2024-03-14 09:31:52 - UsuarioControl: olson - UsuarioCliente: 123 - Resultado: 0

2024-03-14 09:32:37 - UsuarioControl: olson - UsuarioCliente: 123 - Resultado: 0

2024-03-14 09:34:00 - UsuarioControl: olson - UsuarioCliente: 123 - Resultado: 0

2024-03-14 09:34:12 - UsuarioControl: olson - UsuarioCliente: 123 - Resultado: 0

2024-03-14 09:48:59 - UsuarioControl: olson - UsuarioCliente: 123 - Resultado: 0

2024-03-14 09:49:15 - UsuarioControl: olson - UsuarioCliente: 123 - Resultado: 0

2024-03-14 09:55:04 - UsuarioControl: olson - UsuarioCliente: 123 - Resultado: 0

2024-03-14 09:55:52 - UsuarioControl: olson - UsuarioCliente: 123 - Resultado: 0

2024-03-14 09:58:18 - UsuarioControl: olson - UsuarioCliente: 123 - Resultado: 0

2024-03-14 09:59:02 - UsuarioControl: olson - UsuarioCliente: 123 - Resultado: 0

2024-03-14 09:59:24 - UsuarioControl: olson - UsuarioCliente: 123 - Resultado: 0

2024-03-14 10:01:34 - UsuarioControl: olson - UsuarioCliente: 123 - Resultado: 0

2024-03-14 10:01:44 - UsuarioControl: olson - UsuarioCliente: 123 - Resultado: 0

2024-03-14 10:02:34 - UsuarioControl: olson - UsuarioCliente: 123 - Resultado: 0

2024-03-14 10:09:10 - UsuarioControl: olson - UsuarioCliente: 123 - Resultado: 0

2024-03-14 10:09:56 - UsuarioControl: olson - UsuarioCliente: 1234 - Resultado: -1

2024-03-14 10:10:12 - UsuarioControl: olson - UsuarioCliente: 123 - Resultado: 0

2024-03-14 10:11:47 - UsuarioControl: olson - UsuarioCliente: 123 - Resultado: 0

2024-03-14 10:14:28 - UsuarioControl: olson - UsuarioCliente: 123 - Resultado: 0

2024-03-14 10:31:40 - UsuarioControl: olson - UsuarioCliente: 123 - Resultado: 0

2024-03-14 12:08:39 - UsuarioControl: olson - UsuarioCliente: 123 - Resultado: 0

2024-03-14 12:09:08 - UsuarioControl: olson - UsuarioCliente: 123 - Resultado: 0

2024-03-14 12:14:41 - UsuarioControl: olson - UsuarioCliente: 1233 - Resultado: -1

2024-03-14 12:17:25 - UsuarioControl: olson - UsuarioCliente: 123 - Resultado: 0

2024-03-14 12:21:02 - UsuarioControl: olson - UsuarioCliente: 12 - Resultado: -1

2024-03-14 12:21:30 - UsuarioControl: olson - UsuarioCliente: 123 - Resultado: 0

2024-03-14 12:22:58 - UsuarioControl: olson - UsuarioCliente: 123 - Resultado: 0

2024-03-14 12:25:12 - UsuarioControl: olson - UsuarioCliente: 12 - Resultado: -1

2024-03-14 12:26:00 - UsuarioControl: olson - UsuarioCliente: 123 - Resultado: 0

2024-03-14 12:30:38 - UsuarioControl: jrami_pruebas - UsuarioCliente: jrami_pruebas - Resultado: 
2024-03-14 12:32:12 - UsuarioControl: jrami_pruebas - UsuarioCliente: jrami_pruebas - Resultado: 0

2024-03-14 12:32:59 - UsuarioControl: jrami_pruebas - UsuarioCliente: jrami_pruebas - Resultado: 0

2024-03-14 12:33:23 - UsuarioControl: jrami_pruebas - UsuarioCliente: xhost - Resultado: 0

2024-03-14 12:33:47 - UsuarioControl: olson - UsuarioCliente: 123 - Resultado: 0

2024-03-14 12:39:18 - UsuarioControl: jrami - UsuarioCliente: lala - Resultado: 
2024-03-14 12:39:33 - UsuarioControl: jrami - UsuarioCliente: lala - Resultado: 
2024-03-14 12:40:43 - UsuarioControl: jrami - UsuarioCliente: lala - Resultado: 
2024-03-14 12:41:03 - UsuarioControl: jrami - UsuarioCliente: lala - Resultado: 
2024-03-14 12:42:19 - UsuarioControl: jrami - UsuarioCliente: lala - Resultado: 
2024-03-14 12:43:35 - UsuarioControl: jrami - UsuarioCliente: lal - Resultado: 
2024-03-14 12:44:46 - UsuarioControl: olson - UsuarioCliente: 123 - Resultado: 0

2024-03-14 12:52:13 - UsuarioControl: olson - UsuarioCliente: 123 - Resultado: 0

2024-03-14 15:57:46 - UsuarioControl: olson - UsuarioCliente: 123 - Resultado: 0

2024-03-14 16:45:39 - UsuarioControl: olson - UsuarioCliente: 123 - Resultado: 0

2024-03-14 16:45:52 - UsuarioControl: olson - UsuarioCliente: 123 - Resultado: 0

2024-03-14 16:48:58 - UsuarioControl: olson - UsuarioCliente: 123 - Resultado: 0

2024-03-14 16:55:56 - UsuarioControl: olson - UsuarioCliente: 123 - Resultado: 0

2024-03-14 17:11:01 - UsuarioControl: olson - UsuarioCliente: 123 - Resultado: 0

2024-03-14 17:11:27 - UsuarioControl: olson - UsuarioCliente: 123 - Resultado: 0

2024-03-14 17:19:11 - UsuarioControl: olson - UsuarioCliente: 123 - Resultado: 0

2024-03-14 18:08:26 - UsuarioControl: olson - UsuarioCliente: 123 - Resultado: 0

2024-03-14 18:29:27 - UsuarioControl: olson - UsuarioCliente: 123 - Resultado: 0

2024-03-14 18:29:29 - UsuarioControl: olson - UsuarioCliente: 123 - Resultado: 0

2024-03-14 18:29:32 - UsuarioControl: olson - UsuarioCliente: 123 - Resultado: 0

2024-03-14 18:30:15 - UsuarioControl: olson - UsuarioCliente: 123 - Resultado: 0

2024-03-14 18:30:49 - UsuarioControl: olson - UsuarioCliente: 123 - Resultado: 0

2024-03-14 18:30:55 - UsuarioControl: olson - UsuarioCliente: 123 - Resultado: 0

2024-03-14 18:31:40 - UsuarioControl: olson - UsuarioCliente: 123 - Resultado: 0

2024-03-14 18:31:50 - UsuarioControl: olson - UsuarioCliente: 123 - Resultado: 0

2024-03-14 18:32:11 - UsuarioControl: olson - UsuarioCliente: 123 - Resultado: 0

2024-03-14 18:33:55 - UsuarioControl: olson - UsuarioCliente: 123 - Resultado: 0

2024-03-14 18:36:09 - UsuarioControl: olson - UsuarioCliente: 123 - Resultado: 0

2024-03-14 18:57:14 - UsuarioControl: olson - UsuarioCliente: 123 - Resultado: 0

2024-03-15 08:41:58 - UsuarioControl: olson - UsuarioCliente: 123 - Resultado: 0

2024-03-15 09:03:05 - UsuarioControl: olson - UsuarioCliente: 123 - Resultado: 0

2024-03-15 09:08:58 - UsuarioControl: olson - UsuarioCliente: 123 - Resultado: 0

2024-03-15 09:41:01 - UsuarioControl: olson - UsuarioCliente: 123 - Resultado: 0

2024-03-15 09:52:49 - UsuarioControl: olson - UsuarioCliente: 123 - Resultado: 0

2024-03-15 17:17:53 - UsuarioControl: olson - UsuarioCliente: 123 - Resultado: 0

2024-03-18 10:27:21 - UsuarioControl: olson - UsuarioCliente: 123 - Resultado: 0

2024-03-18 11:45:55 - UsuarioControl: olson - UsuarioCliente: 123 - Resultado: 0

2024-03-18 11:47:45 - UsuarioControl: olson - UsuarioCliente: 123 - Resultado: 0

2024-03-18 11:50:56 - UsuarioControl: olson - UsuarioCliente: 123 - Resultado: 0

2024-03-18 14:57:14 - UsuarioControl: olson - UsuarioCliente: 123 - Resultado: 0

2024-03-18 14:59:50 - UsuarioControl: olson - UsuarioCliente: 123 - Resultado: 0

2024-03-18 15:00:23 - UsuarioControl: olson - UsuarioCliente: 123 - Resultado: 0

2024-03-18 18:29:10 - UsuarioControl: olson - UsuarioCliente: 123 - Resultado: 0

2024-03-18 18:29:56 - UsuarioControl: olson - UsuarioCliente: 123 - Resultado: 0

2024-03-18 18:31:00 - UsuarioControl: olson - UsuarioCliente: 123 - Resultado: 0

2024-03-18 18:31:46 - UsuarioControl: olson - UsuarioCliente: 123 - Resultado: 0

2024-03-18 18:32:13 - UsuarioControl: olson - UsuarioCliente: 123 - Resultado: 0

2024-03-18 18:32:39 - UsuarioControl: olson - UsuarioCliente: 123 - Resultado: 0

2024-03-18 18:34:48 - UsuarioControl: olson - UsuarioCliente: 123 - Resultado: 0

2024-03-18 18:36:42 - UsuarioControl: olson - UsuarioCliente: 123 - Resultado: 0

2024-03-18 18:40:00 - UsuarioControl: olson - UsuarioCliente: 123 - Resultado: 0

2024-03-18 18:40:42 - UsuarioControl: olson - UsuarioCliente: 123 - Resultado: 0

2024-03-18 18:41:02 - UsuarioControl: olson - UsuarioCliente: 123 - Resultado: 0

2024-03-18 18:42:31 - UsuarioControl: olson - UsuarioCliente: 123 - Resultado: 0

2024-03-18 18:45:07 - UsuarioControl: olson - UsuarioCliente: 123 - Resultado: 0

2024-03-18 18:45:51 - UsuarioControl: olson - UsuarioCliente: 123 - Resultado: 0

2024-03-18 18:55:10 - UsuarioControl: olson - UsuarioCliente: 123 - Resultado: 0

2024-03-18 18:55:14 - UsuarioControl: olson - UsuarioCliente: 123 - Resultado: 0

2024-03-19 08:55:09 - UsuarioControl: olson - UsuarioCliente: 123 - Resultado: 0

2024-03-19 08:58:48 - UsuarioControl: olson - UsuarioCliente: 123 - Resultado: 0

2024-03-19 08:58:58 - UsuarioControl: olson - UsuarioCliente: 123 - Resultado: 0

2024-03-19 08:59:02 - UsuarioControl: olson - UsuarioCliente: 123 - Resultado: 0

2024-03-19 09:30:37 - UsuarioControl: olson - UsuarioCliente: 123 - Resultado: 0

2024-03-19 09:38:54 - UsuarioControl: olson - UsuarioCliente: 123 - Resultado: 0

2024-03-19 09:43:17 - UsuarioControl: olson - UsuarioCliente: 123 - Resultado: 0

2024-03-19 09:44:01 - UsuarioControl: olson - UsuarioCliente: 123 - Resultado: 0

2024-03-19 09:44:05 - UsuarioControl: olson - UsuarioCliente: 123 - Resultado: 0

2024-03-19 09:53:02 - UsuarioControl: olson - UsuarioCliente: 123 - Resultado: 0

2024-03-19 10:00:43 - UsuarioControl: olson - UsuarioCliente: 123 - Resultado: 0

2024-03-19 10:00:46 - UsuarioControl: olson - UsuarioCliente: 123 - Resultado: 0

2024-03-19 10:01:14 - UsuarioControl: olson - UsuarioCliente: 123 - Resultado: 0

2024-03-19 10:01:24 - UsuarioControl: olson - UsuarioCliente: 123 - Resultado: 0

2024-03-19 10:01:27 - UsuarioControl: olson - UsuarioCliente: 123 - Resultado: 0

2024-03-19 10:03:13 - UsuarioControl: olson - UsuarioCliente: 123 - Resultado: 0

2024-03-19 10:05:32 - UsuarioControl: olson - UsuarioCliente: 123 - Resultado: 0

2024-03-19 10:05:52 - UsuarioControl: olson - UsuarioCliente: 123 - Resultado: 0

2024-03-19 10:05:55 - UsuarioControl: olson - UsuarioCliente: 123 - Resultado: 0

2024-03-19 10:06:28 - UsuarioControl: olson - UsuarioCliente: 123 - Resultado: 0

2024-03-19 10:06:46 - UsuarioControl: olson - UsuarioCliente: 123 - Resultado: 0

2024-03-19 10:06:49 - UsuarioControl: olson - UsuarioCliente: 123 - Resultado: 0

2024-03-19 10:07:28 - UsuarioControl: olson - UsuarioCliente: 123 - Resultado: 0

2024-03-19 10:08:01 - UsuarioControl: olson - UsuarioCliente: 123 - Resultado: 0

2024-03-19 10:08:21 - UsuarioControl: olson - UsuarioCliente: 123 - Resultado: 0

2024-03-19 10:08:24 - UsuarioControl: olson - UsuarioCliente: 123 - Resultado: 0

2024-03-19 10:08:51 - UsuarioControl: olson - UsuarioCliente: 123 - Resultado: 0

2024-03-19 10:08:54 - UsuarioControl: olson - UsuarioCliente: 123 - Resultado: 0

2024-03-19 10:09:09 - UsuarioControl: olson - UsuarioCliente: 123 - Resultado: 0

2024-03-19 10:09:12 - UsuarioControl: olson - UsuarioCliente: 123 - Resultado: 0

2024-03-19 10:09:18 - UsuarioControl: olson - UsuarioCliente: 123 - Resultado: 0

2024-03-19 10:09:21 - UsuarioControl: olson - UsuarioCliente: 123 - Resultado: 0

2024-03-19 10:17:59 - UsuarioControl: olson - UsuarioCliente: 123 - Resultado: 0

2024-03-19 10:18:56 - UsuarioControl: olson - UsuarioCliente: 123 - Resultado: 0

2024-03-19 10:19:37 - UsuarioControl: olson - UsuarioCliente: 123 - Resultado: 0

2024-03-19 10:21:51 - UsuarioControl: olson - UsuarioCliente: 123 - Resultado: 0

2024-03-19 10:26:08 - UsuarioControl: olson - UsuarioCliente: 123 - Resultado: 0

2024-03-19 10:30:41 - UsuarioControl: olson - UsuarioCliente: 123 - Resultado: 0

2024-03-19 10:32:24 - UsuarioControl: olson - UsuarioCliente: 123 - Resultado: 0

2024-03-19 10:34:35 - UsuarioControl: olson - UsuarioCliente: 123 - Resultado: 0

2024-03-19 10:35:13 - UsuarioControl: olson - UsuarioCliente: 123 - Resultado: 0

2024-03-19 10:35:14 - UsuarioControl: olson - UsuarioCliente: 123 - Resultado: 0

2024-03-19 10:39:40 - UsuarioControl: olson - UsuarioCliente: 1235 - Resultado: -1

2024-03-19 10:42:05 - UsuarioControl: olson - UsuarioCliente: 123 - Resultado: 0

2024-03-19 10:45:03 - UsuarioControl: olsonf - UsuarioCliente: 123 - Resultado: 
2024-03-19 10:45:22 - UsuarioControl: olson - UsuarioCliente: 1236 - Resultado: -1

2024-03-19 10:46:16 - UsuarioControl: olson - UsuarioCliente: 1236 - Resultado: -1

2024-03-19 10:49:39 - UsuarioControl: olson - UsuarioCliente: 123 - Resultado: 0

2024-03-19 10:52:54 - UsuarioControl: olson - UsuarioCliente: 1234 - Resultado: -1

2024-03-19 10:56:07 - UsuarioControl: olson - UsuarioCliente: 123 - Resultado: 0

2024-03-19 10:57:58 - UsuarioControl: olson - UsuarioCliente: 123 - Resultado: 0

2024-03-19 10:59:44 - UsuarioControl: olson - UsuarioCliente: 123 - Resultado: 0

2024-03-19 11:00:47 - UsuarioControl: olson - UsuarioCliente: 123 - Resultado: 0

2024-03-19 11:01:48 - UsuarioControl: olson - UsuarioCliente: 123 - Resultado: 
2024-03-19 11:02:03 - UsuarioControl: olson - UsuarioCliente: 1234 - Resultado: -1

2024-03-19 11:03:31 - UsuarioControl: olson - UsuarioCliente: 1234 - Resultado: -1

2024-03-19 11:07:56 - UsuarioControl: olson - UsuarioCliente: 1234 - Resultado: -1

2024-03-19 11:09:49 - UsuarioControl: olson - UsuarioCliente: 123 - Resultado: 0

2024-03-19 11:13:02 - UsuarioControl: olson - UsuarioCliente: 123 - Resultado: 0

2024-03-19 11:17:00 - UsuarioControl: olson - UsuarioCliente: 123 - Resultado: 0

2024-03-19 11:18:42 - UsuarioControl: olson - UsuarioCliente: 123 - Resultado: 0

2024-03-19 11:20:31 - UsuarioControl: olson - UsuarioCliente: 123 - Resultado: 0

2024-03-19 11:35:10 - UsuarioControl: olson - UsuarioCliente: 123 - Resultado: 0

2024-03-19 11:43:37 - UsuarioControl: olson - UsuarioCliente: 123 - Resultado: 0

2024-03-19 11:44:35 - UsuarioControl: olson - UsuarioCliente: 123 - Resultado: 0

2024-03-19 11:47:01 - UsuarioControl: olson - UsuarioCliente: 123 - Resultado: 0

2024-03-19 11:48:06 - UsuarioControl: olson - UsuarioCliente: 123 - Resultado: 0

2024-03-19 11:58:54 - UsuarioControl: olson - UsuarioCliente: 123 - Resultado: 0

2024-03-19 12:00:51 - UsuarioControl: olson - UsuarioCliente: 123 - Resultado: 0

2024-03-19 12:02:06 - UsuarioControl: olson - UsuarioCliente: 123 - Resultado: 0

2024-03-19 12:02:35 - UsuarioControl: olson - UsuarioCliente: 123 - Resultado: 0

2024-03-19 12:03:12 - UsuarioControl: olson - UsuarioCliente: 123 - Resultado: 0

2024-03-19 12:03:48 - UsuarioControl: olson - UsuarioCliente: 123 - Resultado: 0

2024-03-19 12:05:19 - UsuarioControl: olson - UsuarioCliente: 123 - Resultado: 0

2024-03-19 12:05:47 - UsuarioControl: olson - UsuarioCliente: 123 - Resultado: 0

2024-03-19 12:06:33 - UsuarioControl: olson - UsuarioCliente: 123 - Resultado: 0

2024-03-19 12:10:20 - UsuarioControl: olson - UsuarioCliente: 123 - Resultado: 0

2024-03-19 12:11:59 - UsuarioControl: olson - UsuarioCliente: 123 - Resultado: 0

2024-03-19 12:12:46 - UsuarioControl: olson - UsuarioCliente: 123 - Resultado: 0

2024-03-19 12:21:33 - UsuarioControl: olson - UsuarioCliente: 123 - Resultado: 0

2024-03-19 12:22:46 - UsuarioControl: olson - UsuarioCliente: 123 - Resultado: 0

2024-03-19 12:27:04 - UsuarioControl: olson - UsuarioCliente: 123 - Resultado: 0

2024-03-19 12:27:27 - UsuarioControl: olson - UsuarioCliente: 123 - Resultado: 0

2024-03-19 12:31:18 - UsuarioControl: olson - UsuarioCliente: 123 - Resultado: 0

2024-03-19 12:31:43 - UsuarioControl: olson - UsuarioCliente: 123 - Resultado: 0

2024-03-19 12:32:59 - UsuarioControl: olson - UsuarioCliente: 123 - Resultado: 0

2024-03-19 12:35:11 - UsuarioControl: olson - UsuarioCliente: 123 - Resultado: 0

2024-03-19 12:35:43 - UsuarioControl: olson - UsuarioCliente: 123 - Resultado: 0

2024-03-19 12:37:25 - UsuarioControl: olson - UsuarioCliente: 123 - Resultado: 0

2024-03-19 12:38:20 - UsuarioControl: olson - UsuarioCliente: 123 - Resultado: 0

2024-03-19 12:39:40 - UsuarioControl: olson - UsuarioCliente: 123 - Resultado: 0

2024-03-19 12:39:54 - UsuarioControl: olson - UsuarioCliente: 123 - Resultado: 0

2024-03-19 12:40:33 - UsuarioControl: olson - UsuarioCliente: 123 - Resultado: 0

2024-03-19 12:54:02 - UsuarioControl: olson - UsuarioCliente: 123 - Resultado: 0

2024-03-19 13:02:48 - UsuarioControl: olson - UsuarioCliente: 123 - Resultado: 0

2024-03-19 13:07:06 - UsuarioControl: olson - UsuarioCliente: 123 - Resultado: 0

2024-03-19 13:10:22 - UsuarioControl: olson - UsuarioCliente: 123 - Resultado: 0

2024-03-19 13:31:08 - UsuarioControl: olson - UsuarioCliente: 123 - Resultado: 0

2024-03-19 13:35:13 - UsuarioControl: olson - UsuarioCliente: 123 - Resultado: 0

2024-03-19 13:37:15 - UsuarioControl: olson - UsuarioCliente: 123 - Resultado: 0

2024-03-19 13:43:42 - UsuarioControl: olson - UsuarioCliente: 123 - Resultado: 0

2024-03-19 14:35:09 - UsuarioControl: olson - UsuarioCliente: 123 - Resultado: 0

2024-03-19 14:35:38 - UsuarioControl: olson - UsuarioCliente: 123 - Resultado: 0

2024-03-19 14:41:18 - UsuarioControl: olson - UsuarioCliente: 123 - Resultado: 0

2024-03-19 14:49:26 - UsuarioControl: olson - UsuarioCliente: 123 - Resultado: 0

2024-03-19 15:04:16 - UsuarioControl: olson - UsuarioCliente: 123 - Resultado: 0

2024-03-19 15:08:32 - UsuarioControl: olson - UsuarioCliente: 123 - Resultado: 0

2024-03-19 15:10:24 - UsuarioControl: olson - UsuarioCliente: 123 - Resultado: 0

2024-03-19 15:10:46 - UsuarioControl: olson - UsuarioCliente: 123 - Resultado: 0

2024-03-19 15:11:17 - UsuarioControl: olson - UsuarioCliente: 123 - Resultado: 0

2024-03-19 15:12:31 - UsuarioControl: olson - UsuarioCliente: 123 - Resultado: 0

2024-03-19 15:15:06 - UsuarioControl: olson - UsuarioCliente: 123 - Resultado: 0

2024-03-19 15:15:49 - UsuarioControl: olson - UsuarioCliente: 123 - Resultado: 0

2024-03-19 15:16:40 - UsuarioControl: olson - UsuarioCliente: 123 - Resultado: 0

2024-03-19 15:16:57 - UsuarioControl: olson - UsuarioCliente: 123 - Resultado: 0

2024-03-19 15:17:34 - UsuarioControl: olson - UsuarioCliente: 123 - Resultado: 0

2024-03-19 15:24:57 - UsuarioControl: olson - UsuarioCliente: 123 - Resultado: 0

2024-03-19 15:26:29 - UsuarioControl: olson - UsuarioCliente: 123 - Resultado: 0

2024-03-19 15:32:00 - UsuarioControl: olson - UsuarioCliente: 123 - Resultado: 0

2024-03-19 15:35:11 - UsuarioControl: olson - UsuarioCliente: 123 - Resultado: 0

2024-03-19 16:18:08 - UsuarioControl: olson - UsuarioCliente: 123 - Resultado: 0

2024-03-19 16:31:01 - UsuarioControl: olson - UsuarioCliente: 123 - Resultado: 0

2024-03-19 16:35:10 - UsuarioControl: olson - UsuarioCliente: 123 - Resultado: 0

2024-03-19 17:35:42 - UsuarioControl: olson - UsuarioCliente: 123 - Resultado: 0

2024-03-19 17:43:02 - UsuarioControl: olson - UsuarioCliente: 123 - Resultado: 0

2024-03-19 17:43:16 - UsuarioControl: olson - UsuarioCliente: 123 - Resultado: 0

2024-03-20 08:42:56 - UsuarioControl: olson - UsuarioCliente: 123 - Resultado: 0

2024-03-20 08:46:47 - UsuarioControl: olson - UsuarioCliente: 123 - Resultado: 0

2024-03-20 10:17:59 - UsuarioControl: olson - UsuarioCliente: 123 - Resultado: 0

2024-03-20 13:00:54 - UsuarioControl: olson - UsuarioCliente: 123 - Resultado: 0

2024-03-20 13:02:17 - UsuarioControl: olson - UsuarioCliente: 123 - Resultado: 0

2024-03-20 13:10:16 - UsuarioControl: olson - UsuarioCliente: 1234 - Resultado: -1

2024-03-20 13:12:47 - UsuarioControl: olson - UsuarioCliente: 123 - Resultado: 0

2024-03-20 13:20:59 - UsuarioControl: olson - UsuarioCliente: 123 - Resultado: 0

2024-03-20 13:21:39 - UsuarioControl: olson - UsuarioCliente: 123 - Resultado: 0

2024-03-20 13:21:46 - UsuarioControl: olson - UsuarioCliente: 123 - Resultado: 0

2024-03-20 13:22:05 - UsuarioControl: olson - UsuarioCliente: 123 - Resultado: 0

2024-03-20 13:22:18 - UsuarioControl: olson - UsuarioCliente: 123 - Resultado: 0

2024-03-20 13:23:09 - UsuarioControl: olson - UsuarioCliente: 123 - Resultado: 0

2024-03-20 13:24:52 - UsuarioControl: olson - UsuarioCliente: 123 - Resultado: 0

2024-03-20 13:24:53 - UsuarioControl: olson - UsuarioCliente: 123 - Resultado: 0

2024-03-20 13:25:25 - UsuarioControl: olson - UsuarioCliente: 123 - Resultado: 0

2024-03-20 14:33:56 - UsuarioControl: olson - UsuarioCliente: 123 - Resultado: 0

2024-03-20 14:35:59 - UsuarioControl: olson - UsuarioCliente: 123 - Resultado: 0

2024-03-20 14:52:43 - UsuarioControl: olson - UsuarioCliente: 123 - Resultado: 0

2024-03-20 15:15:32 - UsuarioControl: olson - UsuarioCliente: 123 - Resultado: 0

2024-03-20 15:16:09 - UsuarioControl: olson - UsuarioCliente: 123 - Resultado: 0

2024-03-20 18:25:35 - UsuarioControl:  - UsuarioCliente: 123 - Resultado: 
2024-03-21 09:48:02 - UsuarioControl: olson - UsuarioCliente: 123 - Resultado: 0

2024-03-21 09:48:20 - UsuarioControl: olson - UsuarioCliente: 123 - Resultado: 0

2024-03-21 09:48:25 - UsuarioControl: olson - UsuarioCliente: 1234 - Resultado: -1

2024-03-21 09:59:46 - UsuarioControl: olson - UsuarioCliente: 123 - Resultado: 0

2024-03-21 10:00:58 - UsuarioControl: olson - UsuarioCliente: 123 - Resultado: 0

2024-03-21 10:27:09 - UsuarioControl: olson - UsuarioCliente: 123 - Resultado: 0

2024-03-21 10:29:19 - UsuarioControl: olson - UsuarioCliente: 123 - Resultado: 0

2024-03-21 10:31:16 - UsuarioControl: olson - UsuarioCliente: 123 - Resultado: 0

2024-03-21 10:31:29 - UsuarioControl: olson - UsuarioCliente: 123 - Resultado: 0

2024-03-21 10:31:38 - UsuarioControl: olson - UsuarioCliente: 123 - Resultado: 0

2024-03-21 10:31:45 - UsuarioControl: olson - UsuarioCliente: 123 - Resultado: 0

2024-03-21 10:31:55 - UsuarioControl: olson - UsuarioCliente: 123 - Resultado: 0

2024-03-21 10:32:02 - UsuarioControl: olson - UsuarioCliente: 123 - Resultado: 0

2024-03-21 10:32:58 - UsuarioControl: olson - UsuarioCliente: 123 - Resultado: 0

2024-03-21 10:37:24 - UsuarioControl: olson - UsuarioCliente: 123 - Resultado: 0

2024-03-21 10:37:34 - UsuarioControl: olson - UsuarioCliente: 123 - Resultado: 0

2024-03-21 10:39:36 - UsuarioControl: olson - UsuarioCliente: 123 - Resultado: 0

